[0908/184401.933:ERROR:process_reader_win.cc(123)] NtOpenThread: {Acceso denegado} Un proceso ha solicitado acceso a un objeto, pero no se le han concedido esos derechos de acceso. (0xc0000022)
[0908/184401.933:ERROR:process_reader_win.cc(123)] NtOpenThread: {Acceso denegado} Un proceso ha solicitado acceso a un objeto, pero no se le han concedido esos derechos de acceso. (0xc0000022)
[0908/184402.120:ERROR:exception_snapshot_win.cc(99)] thread ID 11604 not found in process
[0908/184402.120:ERROR:exception_snapshot_win.cc(99)] thread ID 2712 not found in process
[0908/184401.300:ERROR:scoped_process_suspend.cc(31)] NtSuspendProcess: Se intentó obtener acceso a un proceso que está cerrándose. (0xc000010a)
[0923/230756.510:ERROR:process_info.cc(329)] VirtualQueryEx: Acceso denegado. (0x5)
[0923/230756.732:ERROR:process_info.cc(329)] VirtualQueryEx: Acceso denegado. (0x5)
[0923/230757.091:ERROR:process_info.cc(556)] ReadMemoryInfo failed
[0923/230756.958:ERROR:process_info.cc(329)] VirtualQueryEx: Acceso denegado. (0x5)
[0923/230757.091:ERROR:process_info.cc(556)] ReadMemoryInfo failed
[0923/230756.951:ERROR:process_reader_win.cc(123)] NtOpenThread: {Acceso denegado} Un proceso ha solicitado acceso a un objeto, pero no se le han concedido esos derechos de acceso. (0xc0000022)
[0923/230756.713:ERROR:process_reader_win.cc(123)] NtOpenThread: {Acceso denegado} Un proceso ha solicitado acceso a un objeto, pero no se le han concedido esos derechos de acceso. (0xc0000022)
[0923/230756.599:ERROR:process_reader_win.cc(123)] NtOpenThread: {Acceso denegado} Un proceso ha solicitado acceso a un objeto, pero no se le han concedido esos derechos de acceso. (0xc0000022)
[0923/230757.091:ERROR:exception_snapshot_win.cc(99)] thread ID 7036 not found in process
[0923/230757.091:ERROR:exception_snapshot_win.cc(99)] thread ID 9692 not found in process
[0923/230756.939:ERROR:process_reader_win.cc(123)] NtOpenThread: {Acceso denegado} Un proceso ha solicitado acceso a un objeto, pero no se le han concedido esos derechos de acceso. (0xc0000022)
[0923/230757.091:ERROR:exception_snapshot_win.cc(99)] thread ID 3516 not found in process
[0923/230757.092:ERROR:exception_snapshot_win.cc(99)] thread ID 9580 not found in process
[0923/230757.091:ERROR:process_info.cc(556)] ReadMemoryInfo failed
[0923/230756.516:ERROR:process_reader_win.cc(123)] NtOpenThread: {Acceso denegado} Un proceso ha solicitado acceso a un objeto, pero no se le han concedido esos derechos de acceso. (0xc0000022)
[0923/230757.092:ERROR:exception_snapshot_win.cc(99)] thread ID 11752 not found in process
[0923/230757.092:ERROR:scoped_process_suspend.cc(40)] NtResumeProcess: Se intentó obtener acceso a un proceso que está cerrándose. (0xc000010a)
[0923/230757.091:ERROR:scoped_process_suspend.cc(40)] NtResumeProcess: Se intentó obtener acceso a un proceso que está cerrándose. (0xc000010a)
[0923/230757.091:ERROR:scoped_process_suspend.cc(40)] NtResumeProcess: Se intentó obtener acceso a un proceso que está cerrándose. (0xc000010a)
[1007/190909.049:ERROR:directory_reader_win.cc(43)] FindFirstFile: El sistema no puede encontrar la ruta especificada. (0x3)
